<?xml version="1.0" encoding="UTF-8"?>
<testng-results skipped="0" failed="0" ignored="0" total="1" passed="1">
  <reporter-output>
  </reporter-output>
  <suite name="Suite" duration-ms="19002" started-at="2021-02-11T14:19:21Z" finished-at="2021-02-11T14:19:40Z">
    <groups>
    </groups>
    <test name="Test" duration-ms="19002" started-at="2021-02-11T14:19:21Z" finished-at="2021-02-11T14:19:40Z">
      <class name="orangeHrm.OrganizationPageTest">
        <test-method status="PASS" signature="openBrowserr()[pri:0, instance:orangeHrm.OrganizationPageTest@b97c004]" name="openBrowserr" is-config="true" duration-ms="6456" started-at="2021-02-11T14:19:21Z" finished-at="2021-02-11T14:19:27Z">
          <reporter-output>
          </reporter-output>
        </test-method> <!-- openBrowserr -->
        <test-method status="PASS" signature="login()[pri:0, instance:orangeHrm.OrganizationPageTest@b97c004]" name="login" is-config="true" duration-ms="7579" started-at="2021-02-11T14:19:27Z" finished-at="2021-02-11T14:19:35Z">
          <reporter-output>
          </reporter-output>
        </test-method> <!-- login -->
        <test-method status="PASS" signature="openPage()[pri:0, instance:orangeHrm.OrganizationPageTest@b97c004]" name="openPage" duration-ms="2821" started-at="2021-02-11T14:19:35Z" finished-at="2021-02-11T14:19:37Z">
          <reporter-output>
          </reporter-output>
        </test-method> <!-- openPage -->
        <test-method status="PASS" signature="logout()[pri:0, instance:orangeHrm.OrganizationPageTest@b97c004]" name="logout" is-config="true" duration-ms="2045" started-at="2021-02-11T14:19:37Z" finished-at="2021-02-11T14:19:39Z">
          <reporter-output>
          </reporter-output>
        </test-method> <!-- logout -->
        <test-method status="PASS" signature="closeBrowser()[pri:0, instance:orangeHrm.OrganizationPageTest@b97c004]" name="closeBrowser" is-config="true" duration-ms="82" started-at="2021-02-11T14:19:39Z" finished-at="2021-02-11T14:19:40Z">
          <reporter-output>
          </reporter-output>
        </test-method> <!-- closeBrowser -->
      </class> <!-- orangeHrm.OrganizationPageTest -->
    </test> <!-- Test -->
  </suite> <!-- Suite -->
</testng-results>
