<?xml version="1.0" encoding="UTF-8"?>
<testng-results skipped="0" failed="0" ignored="0" total="1" passed="1">
  <reporter-output>
  </reporter-output>
  <suite name="Default suite" duration-ms="32533" started-at="2021-02-11T16:35:38Z" finished-at="2021-02-11T16:36:10Z">
    <groups>
    </groups>
    <test name="Default test" duration-ms="32533" started-at="2021-02-11T16:35:38Z" finished-at="2021-02-11T16:36:10Z">
      <class name="orangeHrm.OrganizationPageTest">
        <test-method status="PASS" signature="openBrowserr()[pri:0, instance:orangeHrm.OrganizationPageTest@1794d431]" name="openBrowserr" is-config="true" duration-ms="10244" started-at="2021-02-11T16:35:38Z" finished-at="2021-02-11T16:35:48Z">
          <reporter-output>
          </reporter-output>
        </test-method> <!-- openBrowserr -->
        <test-method status="PASS" signature="login()[pri:0, instance:orangeHrm.OrganizationPageTest@1794d431]" name="login" is-config="true" duration-ms="12440" started-at="2021-02-11T16:35:48Z" finished-at="2021-02-11T16:36:00Z">
          <reporter-output>
          </reporter-output>
        </test-method> <!-- login -->
        <test-method status="PASS" signature="openPage()[pri:0, instance:orangeHrm.OrganizationPageTest@1794d431]" name="openPage" duration-ms="7021" started-at="2021-02-11T16:36:00Z" finished-at="2021-02-11T16:36:08Z">
          <reporter-output>
          </reporter-output>
        </test-method> <!-- openPage -->
        <test-method status="PASS" signature="logout()[pri:0, instance:orangeHrm.OrganizationPageTest@1794d431]" name="logout" is-config="true" duration-ms="2585" started-at="2021-02-11T16:36:08Z" finished-at="2021-02-11T16:36:10Z">
          <reporter-output>
          </reporter-output>
        </test-method> <!-- logout -->
        <test-method status="PASS" signature="closeBrowser()[pri:0, instance:orangeHrm.OrganizationPageTest@1794d431]" name="closeBrowser" is-config="true" duration-ms="216" started-at="2021-02-11T16:36:10Z" finished-at="2021-02-11T16:36:10Z">
          <reporter-output>
          </reporter-output>
        </test-method> <!-- closeBrowser -->
      </class> <!-- orangeHrm.OrganizationPageTest -->
    </test> <!-- Default test -->
  </suite> <!-- Default suite -->
</testng-results>
